<?xml version="1.0" encoding="UTF-8"?>
<testng-results ignored="0" total="1" passed="1" failed="0" skipped="0">
  <reporter-output>
  </reporter-output>
  <suite started-at="2021-11-28T21:10:32 IST" name="Default suite" finished-at="2021-11-28T21:10:32 IST" duration-ms="254">
    <groups>
    </groups>
    <test started-at="2021-11-28T21:10:32 IST" name="Default test" finished-at="2021-11-28T21:10:32 IST" duration-ms="254">
      <class name="learning.git.java.LearningGit1">
        <test-method signature="addfn()[pri:0, instance:learning.git.java.LearningGit1@5552768b]" started-at="2021-11-28T21:10:32 IST" name="addfn" finished-at="2021-11-28T21:10:32 IST" duration-ms="29" status="PASS">
          <reporter-output>
          </reporter-output>
        </test-method> <!-- addfn -->
      </class> <!-- learning.git.java.LearningGit1 -->
    </test> <!-- Default test -->
  </suite> <!-- Default suite -->
</testng-results>
